
*** Running vivado
    with args -log test_env.vds -m64 -product Vivado -mode batch -messageDb vivado.pb -notrace -source test_env.tcl


ECHO is off.
ECHO is off.

****** Vivado v2023.2 (64-bit)
  **** SW Build 4029153 on Fri Oct 13 20:14:34 MDT 2023
  **** IP Build 4028589 on Sat Oct 14 00:45:43 MDT 2023
  **** SharedData Build 4025554 on Tue Oct 10 17:18:54 MDT 2023
    ** Copyright 1986-2022 Xilinx, Inc. All Rights Reserved.
    ** Copyright 2022-2023 Advanced Micro Devices, Inc. All Rights Reserved.

source test_env.tcl -notrace
Command: read_checkpoint -auto_incremental -incremental D:/AC/MIPS_UNIC_CYCLE/MIPS_UNIC_CYCLE.srcs/utils_1/imports/synth_1/test_env.dcp
INFO: [Vivado 12-5825] Read reference checkpoint from D:/AC/MIPS_UNIC_CYCLE/MIPS_UNIC_CYCLE.srcs/utils_1/imports/synth_1/test_env.dcp for incremental synthesis
INFO: [Vivado 12-7989] Please ensure there are no constraint changes
Command: synth_design -top test_env -part xc7a100tcsg324-1
Starting synth_design
Attempting to get a license for feature 'Synthesis' and/or device 'xc7a100t'
INFO: [Common 17-349] Got license for feature 'Synthesis' and/or device 'xc7a100t'
INFO: [Device 21-403] Loading part xc7a100tcsg324-1
INFO: [Designutils 20-5440] No compile time benefit to using incremental synthesis; A full resynthesis will be run
INFO: [Designutils 20-4379] Flow is switching to default flow due to incremental criteria not met. If you would like to alter this behaviour and have the flow terminate instead, please set the following parameter config_implementation {autoIncr.Synth.RejectBehavior Terminate}
INFO: [Synth 8-7079] Multithreading enabled for synth_design using a maximum of 2 processes.
INFO: [Synth 8-7078] Launching helper process for spawning children vivado processes
INFO: [Synth 8-7075] Helper process launched with PID 1684
---------------------------------------------------------------------------------
Starting RTL Elaboration : Time (s): cpu = 00:00:05 ; elapsed = 00:00:05 . Memory (MB): peak = 1337.812 ; gain = 441.449
---------------------------------------------------------------------------------
INFO: [Synth 8-638] synthesizing module 'test_env' [D:/AC/MIPS_UNIC_CYCLE/MIPS_UNIC_CYCLE.srcs/sources_1/new/test_env.vhd:47]
INFO: [Synth 8-3491] module 'MPG' declared at 'C:/Users/todit/Downloads/MPG.vhd:14' bound to instance 'mpg10' of component 'MPG' [D:/AC/MIPS_UNIC_CYCLE/MIPS_UNIC_CYCLE.srcs/sources_1/new/test_env.vhd:198]
INFO: [Synth 8-638] synthesizing module 'MPG' [C:/Users/todit/Downloads/MPG.vhd:20]
INFO: [Synth 8-256] done synthesizing module 'MPG' (0#1) [C:/Users/todit/Downloads/MPG.vhd:20]
INFO: [Synth 8-3491] module 'IFetch' declared at 'D:/AC/FINAL/FINAL.srcs/sources_1/new/IFetch.vhd:34' bound to instance 'ife' of component 'IFetch' [D:/AC/MIPS_UNIC_CYCLE/MIPS_UNIC_CYCLE.srcs/sources_1/new/test_env.vhd:199]
INFO: [Synth 8-638] synthesizing module 'IFetch' [D:/AC/FINAL/FINAL.srcs/sources_1/new/IFetch.vhd:48]
INFO: [Synth 8-226] default block is never used [D:/AC/FINAL/FINAL.srcs/sources_1/new/IFetch.vhd:102]
WARNING: [Synth 8-614] signal 'jumpAddress' is read in the process but is not in the sensitivity list [D:/AC/FINAL/FINAL.srcs/sources_1/new/IFetch.vhd:100]
WARNING: [Synth 8-614] signal 'mux1' is read in the process but is not in the sensitivity list [D:/AC/FINAL/FINAL.srcs/sources_1/new/IFetch.vhd:100]
INFO: [Synth 8-226] default block is never used [D:/AC/FINAL/FINAL.srcs/sources_1/new/IFetch.vhd:111]
WARNING: [Synth 8-614] signal 'branchAdress' is read in the process but is not in the sensitivity list [D:/AC/FINAL/FINAL.srcs/sources_1/new/IFetch.vhd:109]
WARNING: [Synth 8-614] signal 'suma' is read in the process but is not in the sensitivity list [D:/AC/FINAL/FINAL.srcs/sources_1/new/IFetch.vhd:109]
INFO: [Synth 8-256] done synthesizing module 'IFetch' (0#1) [D:/AC/FINAL/FINAL.srcs/sources_1/new/IFetch.vhd:48]
INFO: [Synth 8-3491] module 'Decoder' declared at 'D:/AC/Decoder/Decoder.srcs/sources_1/new/Decoder.vhd:34' bound to instance 'dec' of component 'Decoder' [D:/AC/MIPS_UNIC_CYCLE/MIPS_UNIC_CYCLE.srcs/sources_1/new/test_env.vhd:200]
INFO: [Synth 8-638] synthesizing module 'Decoder' [D:/AC/Decoder/Decoder.srcs/sources_1/new/Decoder.vhd:47]
WARNING: [Synth 8-614] signal 'extOp' is read in the process but is not in the sensitivity list [D:/AC/Decoder/Decoder.srcs/sources_1/new/Decoder.vhd:75]
WARNING: [Synth 8-614] signal 'instruction' is read in the process but is not in the sensitivity list [D:/AC/Decoder/Decoder.srcs/sources_1/new/Decoder.vhd:75]
INFO: [Synth 8-256] done synthesizing module 'Decoder' (0#1) [D:/AC/Decoder/Decoder.srcs/sources_1/new/Decoder.vhd:47]
INFO: [Synth 8-3491] module 'EX' declared at 'D:/AC/Decoder/Decoder.srcs/sources_1/new/EX.vhd:34' bound to instance 'execution' of component 'EX' [D:/AC/MIPS_UNIC_CYCLE/MIPS_UNIC_CYCLE.srcs/sources_1/new/test_env.vhd:201]
INFO: [Synth 8-638] synthesizing module 'EX' [D:/AC/Decoder/Decoder.srcs/sources_1/new/EX.vhd:50]
INFO: [Synth 8-226] default block is never used [D:/AC/Decoder/Decoder.srcs/sources_1/new/EX.vhd:57]
WARNING: [Synth 8-614] signal 'rd2' is read in the process but is not in the sensitivity list [D:/AC/Decoder/Decoder.srcs/sources_1/new/EX.vhd:73]
WARNING: [Synth 8-614] signal 'extImm' is read in the process but is not in the sensitivity list [D:/AC/Decoder/Decoder.srcs/sources_1/new/EX.vhd:73]
INFO: [Synth 8-256] done synthesizing module 'EX' (0#1) [D:/AC/Decoder/Decoder.srcs/sources_1/new/EX.vhd:50]
INFO: [Synth 8-3491] module 'UC' declared at 'D:/AC/Decoder/Decoder.srcs/sources_1/new/UC.vhd:34' bound to instance 'control' of component 'UC' [D:/AC/MIPS_UNIC_CYCLE/MIPS_UNIC_CYCLE.srcs/sources_1/new/test_env.vhd:202]
INFO: [Synth 8-638] synthesizing module 'UC' [D:/AC/Decoder/Decoder.srcs/sources_1/new/UC.vhd:50]
INFO: [Synth 8-256] done synthesizing module 'UC' (0#1) [D:/AC/Decoder/Decoder.srcs/sources_1/new/UC.vhd:50]
INFO: [Synth 8-3491] module 'MEM' declared at 'D:/AC/Decoder/Decoder.srcs/sources_1/new/MEM.vhd:34' bound to instance 'memorie' of component 'MEM' [D:/AC/MIPS_UNIC_CYCLE/MIPS_UNIC_CYCLE.srcs/sources_1/new/test_env.vhd:203]
INFO: [Synth 8-638] synthesizing module 'MEM' [D:/AC/Decoder/Decoder.srcs/sources_1/new/MEM.vhd:46]
INFO: [Synth 8-256] done synthesizing module 'MEM' (0#1) [D:/AC/Decoder/Decoder.srcs/sources_1/new/MEM.vhd:46]
INFO: [Synth 8-3491] module 'WriteBack' declared at 'D:/AC/Decoder/Decoder.srcs/sources_1/new/WriteBack.vhd:34' bound to instance 'writeB' of component 'WriteBack' [D:/AC/MIPS_UNIC_CYCLE/MIPS_UNIC_CYCLE.srcs/sources_1/new/test_env.vhd:204]
INFO: [Synth 8-638] synthesizing module 'WriteBack' [D:/AC/Decoder/Decoder.srcs/sources_1/new/WriteBack.vhd:45]
WARNING: [Synth 8-614] signal 'aluRezOut' is read in the process but is not in the sensitivity list [D:/AC/Decoder/Decoder.srcs/sources_1/new/WriteBack.vhd:47]
WARNING: [Synth 8-614] signal 'memData' is read in the process but is not in the sensitivity list [D:/AC/Decoder/Decoder.srcs/sources_1/new/WriteBack.vhd:47]
INFO: [Synth 8-256] done synthesizing module 'WriteBack' (0#1) [D:/AC/Decoder/Decoder.srcs/sources_1/new/WriteBack.vhd:45]
INFO: [Synth 8-3491] module 'JUnit' declared at 'D:/AC/Decoder/Decoder.srcs/sources_1/new/JUnit.vhd:34' bound to instance 'jumpUnit' of component 'JUnit' [D:/AC/MIPS_UNIC_CYCLE/MIPS_UNIC_CYCLE.srcs/sources_1/new/test_env.vhd:205]
INFO: [Synth 8-638] synthesizing module 'JUnit' [D:/AC/Decoder/Decoder.srcs/sources_1/new/JUnit.vhd:42]
INFO: [Synth 8-256] done synthesizing module 'JUnit' (0#1) [D:/AC/Decoder/Decoder.srcs/sources_1/new/JUnit.vhd:42]
INFO: [Synth 8-3491] module 'BranchUnit' declared at 'D:/AC/Decoder/Decoder.srcs/sources_1/new/BranchUnit.vhd:35' bound to instance 'branchU' of component 'BranchUnit' [D:/AC/MIPS_UNIC_CYCLE/MIPS_UNIC_CYCLE.srcs/sources_1/new/test_env.vhd:206]
INFO: [Synth 8-638] synthesizing module 'BranchUnit' [D:/AC/Decoder/Decoder.srcs/sources_1/new/BranchUnit.vhd:44]
INFO: [Synth 8-256] done synthesizing module 'BranchUnit' (0#1) [D:/AC/Decoder/Decoder.srcs/sources_1/new/BranchUnit.vhd:44]
INFO: [Synth 8-226] default block is never used [D:/AC/MIPS_UNIC_CYCLE/MIPS_UNIC_CYCLE.srcs/sources_1/new/test_env.vhd:210]
WARNING: [Synth 8-614] signal 'instr' is read in the process but is not in the sensitivity list [D:/AC/MIPS_UNIC_CYCLE/MIPS_UNIC_CYCLE.srcs/sources_1/new/test_env.vhd:208]
WARNING: [Synth 8-614] signal 'PC4' is read in the process but is not in the sensitivity list [D:/AC/MIPS_UNIC_CYCLE/MIPS_UNIC_CYCLE.srcs/sources_1/new/test_env.vhd:208]
WARNING: [Synth 8-614] signal 'rd1' is read in the process but is not in the sensitivity list [D:/AC/MIPS_UNIC_CYCLE/MIPS_UNIC_CYCLE.srcs/sources_1/new/test_env.vhd:208]
WARNING: [Synth 8-614] signal 'rd2' is read in the process but is not in the sensitivity list [D:/AC/MIPS_UNIC_CYCLE/MIPS_UNIC_CYCLE.srcs/sources_1/new/test_env.vhd:208]
WARNING: [Synth 8-614] signal 'extImm' is read in the process but is not in the sensitivity list [D:/AC/MIPS_UNIC_CYCLE/MIPS_UNIC_CYCLE.srcs/sources_1/new/test_env.vhd:208]
WARNING: [Synth 8-614] signal 'aluRes' is read in the process but is not in the sensitivity list [D:/AC/MIPS_UNIC_CYCLE/MIPS_UNIC_CYCLE.srcs/sources_1/new/test_env.vhd:208]
WARNING: [Synth 8-614] signal 'memData' is read in the process but is not in the sensitivity list [D:/AC/MIPS_UNIC_CYCLE/MIPS_UNIC_CYCLE.srcs/sources_1/new/test_env.vhd:208]
WARNING: [Synth 8-614] signal 'wb' is read in the process but is not in the sensitivity list [D:/AC/MIPS_UNIC_CYCLE/MIPS_UNIC_CYCLE.srcs/sources_1/new/test_env.vhd:208]
INFO: [Synth 8-3491] module 'SSD1' declared at 'D:/AC/FINAL/FINAL.srcs/sources_1/new/SSD1.vhd:14' bound to instance 'sevensegm' of component 'SSD1' [D:/AC/MIPS_UNIC_CYCLE/MIPS_UNIC_CYCLE.srcs/sources_1/new/test_env.vhd:224]
INFO: [Synth 8-638] synthesizing module 'SSD1' [D:/AC/FINAL/FINAL.srcs/sources_1/new/SSD1.vhd:21]
INFO: [Synth 8-226] default block is never used [D:/AC/FINAL/FINAL.srcs/sources_1/new/SSD1.vhd:40]
INFO: [Synth 8-226] default block is never used [D:/AC/FINAL/FINAL.srcs/sources_1/new/SSD1.vhd:55]
INFO: [Synth 8-226] default block is never used [D:/AC/FINAL/FINAL.srcs/sources_1/new/SSD1.vhd:68]
INFO: [Synth 8-256] done synthesizing module 'SSD1' (0#1) [D:/AC/FINAL/FINAL.srcs/sources_1/new/SSD1.vhd:21]
INFO: [Synth 8-256] done synthesizing module 'test_env' (0#1) [D:/AC/MIPS_UNIC_CYCLE/MIPS_UNIC_CYCLE.srcs/sources_1/new/test_env.vhd:47]
WARNING: [Synth 8-3848] Net regWr in module/entity Decoder does not have driver. [D:/AC/Decoder/Decoder.srcs/sources_1/new/Decoder.vhd:50]
WARNING: [Synth 8-3848] Net en in module/entity Decoder does not have driver. [D:/AC/Decoder/Decoder.srcs/sources_1/new/Decoder.vhd:52]
WARNING: [Synth 8-3848] Net regDst in module/entity Decoder does not have driver. [D:/AC/Decoder/Decoder.srcs/sources_1/new/Decoder.vhd:51]
WARNING: [Synth 8-3848] Net extOp in module/entity Decoder does not have driver. [D:/AC/Decoder/Decoder.srcs/sources_1/new/Decoder.vhd:53]
---------------------------------------------------------------------------------
Finished RTL Elaboration : Time (s): cpu = 00:00:06 ; elapsed = 00:00:07 . Memory (MB): peak = 1446.484 ; gain = 550.121
---------------------------------------------------------------------------------
---------------------------------------------------------------------------------
Start Handling Custom Attributes
---------------------------------------------------------------------------------
---------------------------------------------------------------------------------
Finished Handling Custom Attributes : Time (s): cpu = 00:00:06 ; elapsed = 00:00:07 . Memory (MB): peak = 1446.484 ; gain = 550.121
---------------------------------------------------------------------------------
---------------------------------------------------------------------------------
Finished RTL Optimization Phase 1 : Time (s): cpu = 00:00:06 ; elapsed = 00:00:07 . Memory (MB): peak = 1446.484 ; gain = 550.121
---------------------------------------------------------------------------------
Netlist sorting complete. Time (s): cpu = 00:00:00 ; elapsed = 00:00:00.010 . Memory (MB): peak = 1446.484 ; gain = 0.000
INFO: [Project 1-570] Preparing netlist for logic optimization

Processing XDC Constraints
Initializing timing engine
Parsing XDC File [C:/Users/todit/Downloads/NexysA7_test_env.xdc]
Finished Parsing XDC File [C:/Users/todit/Downloads/NexysA7_test_env.xdc]
INFO: [Project 1-236] Implementation specific constraints were found while reading constraint file [C:/Users/todit/Downloads/NexysA7_test_env.xdc]. These constraints will be ignored for synthesis but will be used in implementation. Impacted constraints are listed in the file [.Xil/test_env_propImpl.xdc].
Resolution: To avoid this warning, move constraints listed in [.Xil/test_env_propImpl.xdc] to another XDC file and exclude this new file from synthesis with the used_in_synthesis property (File Properties dialog in GUI) and re-run elaboration/synthesis.
Completed Processing XDC Constraints

Netlist sorting complete. Time (s): cpu = 00:00:00 ; elapsed = 00:00:00 . Memory (MB): peak = 1535.844 ; gain = 0.000
INFO: [Project 1-111] Unisim Transformation Summary:
No Unisim elements were transformed.

The system cannot find the path specified.
Constraint Validation Runtime : Time (s): cpu = 00:00:00 ; elapsed = 00:00:00.002 . Memory (MB): peak = 1535.844 ; gain = 0.000
INFO: [Designutils 20-5440] No compile time benefit to using incremental synthesis; A full resynthesis will be run
INFO: [Designutils 20-4379] Flow is switching to default flow due to incremental criteria not met. If you would like to alter this behaviour and have the flow terminate instead, please set the following parameter config_implementation {autoIncr.Synth.RejectBehavior Terminate}
---------------------------------------------------------------------------------
Finished Constraint Validation : Time (s): cpu = 00:00:13 ; elapsed = 00:00:14 . Memory (MB): peak = 1535.844 ; gain = 639.480
---------------------------------------------------------------------------------
---------------------------------------------------------------------------------
Start Loading Part and Timing Information
---------------------------------------------------------------------------------
Loading part: xc7a100tcsg324-1
---------------------------------------------------------------------------------
Finished Loading Part and Timing Information : Time (s): cpu = 00:00:13 ; elapsed = 00:00:14 . Memory (MB): peak = 1535.844 ; gain = 639.480
---------------------------------------------------------------------------------
---------------------------------------------------------------------------------
Start Applying 'set_property' XDC Constraints
---------------------------------------------------------------------------------
---------------------------------------------------------------------------------
Finished applying 'set_property' XDC Constraints : Time (s): cpu = 00:00:13 ; elapsed = 00:00:14 . Memory (MB): peak = 1535.844 ; gain = 639.480
---------------------------------------------------------------------------------
WARNING: [Synth 8-327] inferring latch for variable 'aluRez1_reg' [D:/AC/Decoder/Decoder.srcs/sources_1/new/EX.vhd:77]
WARNING: [Synth 8-327] inferring latch for variable 'zero_reg' [D:/AC/Decoder/Decoder.srcs/sources_1/new/EX.vhd:54]
WARNING: [Synth 8-327] inferring latch for variable 'aluCtrl_reg' [D:/AC/Decoder/Decoder.srcs/sources_1/new/EX.vhd:60]
---------------------------------------------------------------------------------
Finished RTL Optimization Phase 2 : Time (s): cpu = 00:00:13 ; elapsed = 00:00:14 . Memory (MB): peak = 1535.844 ; gain = 639.480
---------------------------------------------------------------------------------
---------------------------------------------------------------------------------
Start RTL Component Statistics 
---------------------------------------------------------------------------------
Detailed RTL Component Info : 
+---Adders : 
	   2 Input   32 Bit       Adders := 3     
	   3 Input   32 Bit       Adders := 1     
+---XORs : 
	   2 Input     32 Bit         XORs := 1     
+---Registers : 
	               32 Bit    Registers := 1     
	                1 Bit    Registers := 3     
+---RAMs : 
	               2K Bit	(64 X 32 bit)          RAMs := 1     
	             1024 Bit	(32 X 32 bit)          RAMs := 1     
+---Muxes : 
	   2 Input   32 Bit        Muxes := 8     
	  33 Input   32 Bit        Muxes := 1     
	   4 Input   32 Bit        Muxes := 3     
	   8 Input    8 Bit        Muxes := 1     
	   2 Input    5 Bit        Muxes := 1     
	   7 Input    3 Bit        Muxes := 1     
	   8 Input    2 Bit        Muxes := 1     
	   8 Input    1 Bit        Muxes := 9     
	   7 Input    1 Bit        Muxes := 1     
---------------------------------------------------------------------------------
Finished RTL Component Statistics 
---------------------------------------------------------------------------------
---------------------------------------------------------------------------------
Start Part Resource Summary
---------------------------------------------------------------------------------
Part Resources:
DSPs: 240 (col length:80)
BRAMs: 270 (col length: RAMB18 80 RAMB36 40)
---------------------------------------------------------------------------------
Finished Part Resource Summary
---------------------------------------------------------------------------------
---------------------------------------------------------------------------------
Start Cross Boundary and Area Optimization
---------------------------------------------------------------------------------
WARNING: [Synth 8-7080] Parallel synthesis criteria is not met
WARNING: [Synth 8-3917] design test_env has port led[2] driven by constant 0
WARNING: [Synth 8-7257] Removed RAM (memorie/mem_reg) due to inactive write enable.
WARNING: [Synth 8-6014] Unused sequential element memorie/mem_reg was removed. 
WARNING: [Synth 8-3332] Sequential element (execution/zero_reg) is unused and will be removed from module test_env.
CRITICAL WARNING: [Synth 8-6859] multi-driven net on pin Q with 1st driver pin 'execution/zero_reg/Q' [D:/AC/Decoder/Decoder.srcs/sources_1/new/EX.vhd:54]
CRITICAL WARNING: [Synth 8-6859] multi-driven net on pin Q with 2nd driver pin 'GND' [D:/AC/Decoder/Decoder.srcs/sources_1/new/EX.vhd:54]
CRITICAL WARNING: [Synth 8-6858] multi-driven net Q is connected to at least one constant driver which has been preserved, other driver is ignored [D:/AC/Decoder/Decoder.srcs/sources_1/new/EX.vhd:54]
---------------------------------------------------------------------------------
Finished Cross Boundary and Area Optimization : Time (s): cpu = 00:00:16 ; elapsed = 00:00:17 . Memory (MB): peak = 1535.844 ; gain = 639.480
---------------------------------------------------------------------------------
---------------------------------------------------------------------------------
Start Applying XDC Timing Constraints
---------------------------------------------------------------------------------
---------------------------------------------------------------------------------
Finished Applying XDC Timing Constraints : Time (s): cpu = 00:00:19 ; elapsed = 00:00:20 . Memory (MB): peak = 1535.844 ; gain = 639.480
---------------------------------------------------------------------------------
---------------------------------------------------------------------------------
Start Timing Optimization
---------------------------------------------------------------------------------
---------------------------------------------------------------------------------
Finished Timing Optimization : Time (s): cpu = 00:00:21 ; elapsed = 00:00:22 . Memory (MB): peak = 1535.844 ; gain = 639.480
---------------------------------------------------------------------------------
---------------------------------------------------------------------------------
Start Technology Mapping
---------------------------------------------------------------------------------
---------------------------------------------------------------------------------
Finished Technology Mapping : Time (s): cpu = 00:00:21 ; elapsed = 00:00:22 . Memory (MB): peak = 1535.844 ; gain = 639.480
---------------------------------------------------------------------------------
---------------------------------------------------------------------------------
Start IO Insertion
---------------------------------------------------------------------------------
---------------------------------------------------------------------------------
Start Flattening Before IO Insertion
---------------------------------------------------------------------------------
---------------------------------------------------------------------------------
Finished Flattening Before IO Insertion
---------------------------------------------------------------------------------
---------------------------------------------------------------------------------
Start Final Netlist Cleanup
---------------------------------------------------------------------------------
---------------------------------------------------------------------------------
Finished Final Netlist Cleanup
---------------------------------------------------------------------------------
---------------------------------------------------------------------------------
Finished IO Insertion : Time (s): cpu = 00:00:24 ; elapsed = 00:00:25 . Memory (MB): peak = 1535.844 ; gain = 639.480
---------------------------------------------------------------------------------
---------------------------------------------------------------------------------
Start Renaming Generated Instances
---------------------------------------------------------------------------------
---------------------------------------------------------------------------------
Finished Renaming Generated Instances : Time (s): cpu = 00:00:24 ; elapsed = 00:00:25 . Memory (MB): peak = 1535.844 ; gain = 639.480
---------------------------------------------------------------------------------
---------------------------------------------------------------------------------
Start Rebuilding User Hierarchy
---------------------------------------------------------------------------------
---------------------------------------------------------------------------------
Finished Rebuilding User Hierarchy : Time (s): cpu = 00:00:24 ; elapsed = 00:00:25 . Memory (MB): peak = 1535.844 ; gain = 639.480
---------------------------------------------------------------------------------
---------------------------------------------------------------------------------
Start Renaming Generated Ports
---------------------------------------------------------------------------------
---------------------------------------------------------------------------------
Finished Renaming Generated Ports : Time (s): cpu = 00:00:24 ; elapsed = 00:00:25 . Memory (MB): peak = 1535.844 ; gain = 639.480
---------------------------------------------------------------------------------
---------------------------------------------------------------------------------
Start Handling Custom Attributes
---------------------------------------------------------------------------------
---------------------------------------------------------------------------------
Finished Handling Custom Attributes : Time (s): cpu = 00:00:24 ; elapsed = 00:00:25 . Memory (MB): peak = 1535.844 ; gain = 639.480
---------------------------------------------------------------------------------
---------------------------------------------------------------------------------
Start Renaming Generated Nets
---------------------------------------------------------------------------------
---------------------------------------------------------------------------------
Finished Renaming Generated Nets : Time (s): cpu = 00:00:24 ; elapsed = 00:00:25 . Memory (MB): peak = 1535.844 ; gain = 639.480
---------------------------------------------------------------------------------
---------------------------------------------------------------------------------
Start Writing Synthesis Report
---------------------------------------------------------------------------------

Report BlackBoxes: 
+-+--------------+----------+
| |BlackBox name |Instances |
+-+--------------+----------+
+-+--------------+----------+

Report Cell Usage: 
+------+-------+------+
|      |Cell   |Count |
+------+-------+------+
|1     |BUFG   |     1|
|2     |CARRY4 |    31|
|3     |LUT1   |    18|
|4     |LUT2   |    23|
|5     |LUT3   |    15|
|6     |LUT4   |    13|
|7     |LUT5   |    36|
|8     |LUT6   |    94|
|9     |FDCE   |    30|
|10    |FDRE   |    38|
|11    |LD     |    22|
|12    |IBUF   |     6|
|13    |OBUF   |    26|
+------+-------+------+
---------------------------------------------------------------------------------
Finished Writing Synthesis Report : Time (s): cpu = 00:00:24 ; elapsed = 00:00:25 . Memory (MB): peak = 1535.844 ; gain = 639.480
---------------------------------------------------------------------------------
Synthesis finished with 0 errors, 3 critical warnings and 8 warnings.
Synthesis Optimization Runtime : Time (s): cpu = 00:00:17 ; elapsed = 00:00:24 . Memory (MB): peak = 1535.844 ; gain = 550.121
Synthesis Optimization Complete : Time (s): cpu = 00:00:25 ; elapsed = 00:00:26 . Memory (MB): peak = 1535.844 ; gain = 639.480
INFO: [Project 1-571] Translating synthesized netlist
Netlist sorting complete. Time (s): cpu = 00:00:00 ; elapsed = 00:00:00.005 . Memory (MB): peak = 1535.844 ; gain = 0.000
INFO: [Netlist 29-17] Analyzing 53 Unisim elements for replacement
INFO: [Netlist 29-28] Unisim Transformation completed in 0 CPU seconds
INFO: [Project 1-570] Preparing netlist for logic optimization
INFO: [Opt 31-138] Pushed 0 inverter(s) to 0 load pin(s).
Netlist sorting complete. Time (s): cpu = 00:00:00 ; elapsed = 00:00:00 . Memory (MB): peak = 1535.844 ; gain = 0.000
INFO: [Project 1-111] Unisim Transformation Summary:
  A total of 22 instances were transformed.
  LD => LDCE: 22 instances

The system cannot find the path specified.
Synth Design complete | Checksum: 97bb91e8
INFO: [Common 17-83] Releasing license: Synthesis
60 Infos, 30 Warnings, 3 Critical Warnings and 0 Errors encountered.
synth_design completed successfully
synth_design: Time (s): cpu = 00:00:28 ; elapsed = 00:00:30 . Memory (MB): peak = 1535.844 ; gain = 1046.188
INFO: [runtcl-6] Synthesis results are not added to the cache due to CRITICAL_WARNING
Write ShapeDB Complete: Time (s): cpu = 00:00:00 ; elapsed = 00:00:00.001 . Memory (MB): peak = 1535.844 ; gain = 0.000
INFO: [Common 17-1381] The checkpoint 'D:/AC/MIPS_UNIC_CYCLE/MIPS_UNIC_CYCLE.runs/synth_1/test_env.dcp' has been generated.
INFO: [runtcl-4] Executing : report_utilization -file test_env_utilization_synth.rpt -pb test_env_utilization_synth.pb
INFO: [Common 17-206] Exiting Vivado at Sun Apr 27 17:42:51 2025...
